<?xml version="1.0" encoding="UTF-8"?>
<!-- Generated by org.testng.reporters.JUnitReportReporter -->
<testsuite hostname="LAPTOP-I7J4S3QJ" failures="0" tests="1" name="StringPrograms.CaptializefirstWord" time="0.008" errors="0" timestamp="2021-10-17T14:34:32 IST" skipped="0">
  <testcase classname="StringPrograms.CaptializefirstWord" name="capitalTheFirstWord" time="0.008"/>
  <system-out/>
</testsuite> <!-- StringPrograms.CaptializefirstWord -->
