<?xml version="1.0" encoding="UTF-8"?>
<!-- Generated by org.testng.reporters.JUnitReportReporter -->
<testsuite hostname="LAPTOP-I7J4S3QJ" failures="0" tests="1" name="JavaPrograms.PrimeNumber" time="0.007" errors="0" timestamp="2021-10-13T10:55:29 IST" skipped="0">
  <testcase classname="JavaPrograms.PrimeNumber" name="primeOrNot" time="0.007"/>
  <system-out/>
</testsuite> <!-- JavaPrograms.PrimeNumber -->
