<?xml version="1.0" encoding="UTF-8"?>
<!-- Generated by org.testng.reporters.JUnitReportReporter -->
<testsuite hostname="LAPTOP-I7J4S3QJ" failures="0" tests="1" name="StringPrograms.RemoveWordInAString" time="0.007" errors="0" timestamp="2021-10-14T12:14:01 IST" skipped="0">
  <testcase classname="StringPrograms.RemoveWordInAString" name="RemoveAWord" time="0.007"/>
  <system-out/>
</testsuite> <!-- StringPrograms.RemoveWordInAString -->
