<?xml version="1.0" encoding="UTF-8"?>
<!-- Generated by org.testng.reporters.JUnitReportReporter -->
<testsuite hostname="LAPTOP-I7J4S3QJ" failures="0" tests="1" name="StringPrograms.Removeduplicatechar" time="0.008" errors="0" timestamp="2021-10-14T11:49:50 IST" skipped="0">
  <testcase classname="StringPrograms.Removeduplicatechar" name="RemoveDup" time="0.008"/>
  <system-out/>
</testsuite> <!-- StringPrograms.Removeduplicatechar -->
