<?xml version="1.0" encoding="UTF-8"?>
<!-- Generated by org.testng.reporters.JUnitReportReporter -->
<testsuite hostname="LAPTOP-I7J4S3QJ" failures="0" tests="1" name="JavaPrograms.FibonacciSeries" time="0.008" errors="0" timestamp="2021-10-13T10:44:38 IST" skipped="0">
  <testcase classname="JavaPrograms.FibonacciSeries" name="fibonnaci" time="0.008"/>
  <system-out/>
</testsuite> <!-- JavaPrograms.FibonacciSeries -->
