<?xml version="1.0" encoding="UTF-8"?>
<!-- Generated by org.testng.reporters.JUnitReportReporter -->
<testsuite hostname="LAPTOP-I7J4S3QJ" failures="0" tests="1" name="StringPrograms.ReplaceACharacter" time="0.010" errors="0" timestamp="2021-10-17T15:02:11 IST" skipped="0">
  <testcase classname="StringPrograms.ReplaceACharacter" name="ReplaceCharacter" time="0.010"/>
  <system-out/>
</testsuite> <!-- StringPrograms.ReplaceACharacter -->
