<?xml version="1.0" encoding="UTF-8"?>
<!-- Generated by org.testng.reporters.JUnitReportReporter -->
<testsuite hostname="LAPTOP-I7J4S3QJ" failures="0" tests="1" name="StringPrograms.GetCharsMethod" time="0.008" errors="0" timestamp="2021-10-14T12:29:20 IST" skipped="0">
  <testcase classname="StringPrograms.GetCharsMethod" name="getCharsImplement" time="0.008"/>
  <system-out/>
</testsuite> <!-- StringPrograms.GetCharsMethod -->
