<?xml version="1.0" encoding="UTF-8"?>
<!-- Generated by org.testng.reporters.JUnitReportReporter -->
<testsuite hostname="LAPTOP-I7J4S3QJ" failures="0" tests="1" name="StringPrograms.NoOfVowelsInAString" time="0.007" errors="0" timestamp="2021-10-17T16:36:33 IST" skipped="0">
  <testcase classname="StringPrograms.NoOfVowelsInAString" name="NoOfVowelsIfSpace" time="0.007"/>
  <system-out/>
</testsuite> <!-- StringPrograms.NoOfVowelsInAString -->
