<?xml version="1.0" encoding="UTF-8"?>
<!-- Generated by org.testng.reporters.JUnitReportReporter -->
<testsuite hostname="LAPTOP-I7J4S3QJ" failures="0" tests="1" name="StringPrograms.Reverseeachchar" time="0.008" errors="0" timestamp="2021-10-13T13:19:42 IST" skipped="0">
  <testcase classname="StringPrograms.Reverseeachchar" name="ReveachWord" time="0.008"/>
  <system-out/>
</testsuite> <!-- StringPrograms.Reverseeachchar -->
