<?xml version="1.0" encoding="UTF-8"?>
<!-- Generated by org.testng.reporters.JUnitReportReporter -->
<testsuite hostname="LAPTOP-I7J4S3QJ" failures="0" tests="1" name="JavaPrograms.StringReversal" time="4.243" errors="0" timestamp="2021-10-13T11:12:29 IST" skipped="0">
  <testcase classname="JavaPrograms.StringReversal" name="StringReverseScanner" time="4.243"/>
  <system-out/>
</testsuite> <!-- JavaPrograms.StringReversal -->
