<?xml version="1.0" encoding="UTF-8"?>
<!-- Generated by org.testng.reporters.JUnitReportReporter -->
<testsuite hostname="LAPTOP-I7J4S3QJ" failures="0" tests="1" name="StringPrograms.CountNumberofCharInString" time="0.006" errors="0" timestamp="2021-10-13T13:25:14 IST" skipped="0">
  <testcase classname="StringPrograms.CountNumberofCharInString" name="CountCharacter" time="0.006"/>
  <system-out/>
</testsuite> <!-- StringPrograms.CountNumberofCharInString -->
