<?xml version="1.0" encoding="UTF-8"?>
<!-- Generated by org.testng.reporters.JUnitReportReporter -->
<testsuite hostname="LAPTOP-I7J4S3QJ" failures="0" tests="1" name="JavaPrograms.FactorialOfNumber" time="0.012" errors="0" timestamp="2021-10-13T11:00:25 IST" skipped="0">
  <testcase classname="JavaPrograms.FactorialOfNumber" name="factorial" time="0.012"/>
  <system-out/>
</testsuite> <!-- JavaPrograms.FactorialOfNumber -->
