<?xml version="1.0" encoding="UTF-8"?>
<!-- Generated by org.testng.reporters.JUnitReportReporter -->
<testsuite hostname="LAPTOP-I7J4S3QJ" failures="0" tests="1" name="StringPrograms.ReverseEachWord" time="0.009" errors="0" timestamp="2021-10-13T13:13:37 IST" skipped="0">
  <testcase classname="StringPrograms.ReverseEachWord" name="RevEachWord" time="0.009"/>
  <system-out/>
</testsuite> <!-- StringPrograms.ReverseEachWord -->
