<?xml version="1.0" encoding="UTF-8"?>
<!-- Generated by org.testng.reporters.JUnitReportReporter -->
<testsuite hostname="LAPTOP-I7J4S3QJ" failures="0" tests="1" name="StringPrograms.StringSplit" time="0.009" errors="0" timestamp="2021-10-13T12:42:25 IST" skipped="0">
  <testcase classname="StringPrograms.StringSplit" name="SplitwithPositive" time="0.009"/>
  <system-out/>
</testsuite> <!-- StringPrograms.StringSplit -->
