<?xml version="1.0" encoding="UTF-8"?>
<!-- Generated by org.testng.reporters.JUnitReportReporter -->
<testsuite hostname="LAPTOP-I7J4S3QJ" failures="0" tests="1" name="StringPrograms.StringToStringArray" time="0.008" errors="0" timestamp="2021-10-17T14:36:35 IST" skipped="0">
  <testcase classname="StringPrograms.StringToStringArray" name="ConvertStringToStrArray" time="0.008"/>
  <system-out/>
</testsuite> <!-- StringPrograms.StringToStringArray -->
