<?xml version="1.0" encoding="UTF-8"?>
<!-- Generated by org.testng.reporters.JUnitReportReporter -->
<testsuite hostname="LAPTOP-I7J4S3QJ" failures="0" tests="2" name="TestExecution.HomePageValidation" time="0.186" errors="0" timestamp="2021-10-11T19:49:24 IST" skipped="0">
  <testcase classname="TestExecution.HomePageValidation" name="EnterUname" time="0.162"/>
  <system-out/>
  <testcase classname="TestExecution.HomePageValidation" name="EnterPassword" time="0.024"/>
  <system-out/>
</testsuite> <!-- TestExecution.HomePageValidation -->
