<?xml version="1.0" encoding="UTF-8"?>
<!-- Generated by org.testng.reporters.JUnitReportReporter -->
<testsuite hostname="LAPTOP-I7J4S3QJ" failures="0" tests="1" name="dummy.TestClass" time="2.842" errors="0" timestamp="2021-10-11T19:46:42 IST" skipped="0">
  <testcase classname="dummy.TestClass" name="m1" time="2.842"/>
  <system-out/>
</testsuite> <!-- dummy.TestClass -->
