<?xml version="1.0" encoding="UTF-8"?>
<!-- Generated by org.testng.reporters.JUnitReportReporter -->
<testsuite hostname="LAPTOP-I7J4S3QJ" failures="0" tests="1" name="packageNo1.TestProgram" time="0.843" errors="0" timestamp="2021-10-11T16:11:10 IST" skipped="0">
  <testcase classname="packageNo1.TestProgram" name="ClickLanguage" time="0.843"/>
  <system-out/>
</testsuite> <!-- packageNo1.TestProgram -->
