<?xml version="1.0" encoding="UTF-8"?>
<!-- Generated by org.testng.reporters.JUnitReportReporter -->
<testsuite hostname="LAPTOP-I7J4S3QJ" failures="0" tests="1" name="package1.FibonacciSeries" time="0.009" errors="0" timestamp="2021-11-12T20:40:23 IST" skipped="0">
  <testcase classname="package1.FibonacciSeries" name="fib" time="0.009"/>
  <system-out/>
</testsuite> <!-- package1.FibonacciSeries -->
