<?xml version="1.0" encoding="UTF-8"?>
<!-- Generated by org.testng.reporters.JUnitReportReporter -->
<testsuite hostname="LAPTOP-I7J4S3QJ" failures="0" tests="1" name="package1.FibonacciSeries" time="0.007" errors="0" timestamp="2021-11-13T12:36:40 IST" skipped="0">
  <testcase classname="package1.FibonacciSeries" name="fib" time="0.007"/>
  <system-out/>
</testsuite> <!-- package1.FibonacciSeries -->
